[2025-11-23 09:05:35] [ERROR] Exception: Call to undefined method PlanetaTreinamentos\Models\Curso::allWithInactive() {"file":"\/home\/u220553158\/domains\/planetatreinamentos.com.br\/public_html\/src\/Controllers\/CursoController.php","line":25,"trace":"#0 [internal function]: PlanetaTreinamentos\\Controllers\\CursoController->index()\n#1 \/home\/u220553158\/domains\/planetatreinamentos.com.br\/public_html\/src\/Core\/Router.php(224): call_user_func_array()\n#2 \/home\/u220553158\/domains\/planetatreinamentos.com.br\/public_html\/src\/Core\/Router.php(116): PlanetaTreinamentos\\Core\\Router->runAction()\n#3 \/home\/u220553158\/domains\/planetatreinamentos.com.br\/public_html\/src\/Core\/App.php(139): PlanetaTreinamentos\\Core\\Router->dispatch()\n#4 \/home\/u220553158\/domains\/planetatreinamentos.com.br\/public_html\/public\/index.php(82): PlanetaTreinamentos\\Core\\App->run()\n#5 {main}"}
[2025-11-23 09:05:42] [ERROR] Exception: Call to undefined method PlanetaTreinamentos\Models\Aluno::all() {"file":"\/home\/u220553158\/domains\/planetatreinamentos.com.br\/public_html\/src\/Controllers\/AlunoController.php","line":49,"trace":"#0 [internal function]: PlanetaTreinamentos\\Controllers\\AlunoController->index()\n#1 \/home\/u220553158\/domains\/planetatreinamentos.com.br\/public_html\/src\/Core\/Router.php(224): call_user_func_array()\n#2 \/home\/u220553158\/domains\/planetatreinamentos.com.br\/public_html\/src\/Core\/Router.php(116): PlanetaTreinamentos\\Core\\Router->runAction()\n#3 \/home\/u220553158\/domains\/planetatreinamentos.com.br\/public_html\/src\/Core\/App.php(139): PlanetaTreinamentos\\Core\\Router->dispatch()\n#4 \/home\/u220553158\/domains\/planetatreinamentos.com.br\/public_html\/public\/index.php(82): PlanetaTreinamentos\\Core\\App->run()\n#5 {main}"}
[2025-11-23 09:05:45] [ERROR] Exception: Call to undefined method PlanetaTreinamentos\Models\Curso::all() {"file":"\/home\/u220553158\/domains\/planetatreinamentos.com.br\/public_html\/src\/Controllers\/AlunoController.php","line":62,"trace":"#0 [internal function]: PlanetaTreinamentos\\Controllers\\AlunoController->create()\n#1 \/home\/u220553158\/domains\/planetatreinamentos.com.br\/public_html\/src\/Core\/Router.php(224): call_user_func_array()\n#2 \/home\/u220553158\/domains\/planetatreinamentos.com.br\/public_html\/src\/Core\/Router.php(116): PlanetaTreinamentos\\Core\\Router->runAction()\n#3 \/home\/u220553158\/domains\/planetatreinamentos.com.br\/public_html\/src\/Core\/App.php(139): PlanetaTreinamentos\\Core\\Router->dispatch()\n#4 \/home\/u220553158\/domains\/planetatreinamentos.com.br\/public_html\/public\/index.php(82): PlanetaTreinamentos\\Core\\App->run()\n#5 {main}"}
[2025-11-23 09:05:51] [ERROR] Exception: Call to undefined method PlanetaTreinamentos\Models\Curso::allWithInactive() {"file":"\/home\/u220553158\/domains\/planetatreinamentos.com.br\/public_html\/src\/Controllers\/CursoController.php","line":25,"trace":"#0 [internal function]: PlanetaTreinamentos\\Controllers\\CursoController->index()\n#1 \/home\/u220553158\/domains\/planetatreinamentos.com.br\/public_html\/src\/Core\/Router.php(224): call_user_func_array()\n#2 \/home\/u220553158\/domains\/planetatreinamentos.com.br\/public_html\/src\/Core\/Router.php(116): PlanetaTreinamentos\\Core\\Router->runAction()\n#3 \/home\/u220553158\/domains\/planetatreinamentos.com.br\/public_html\/src\/Core\/App.php(139): PlanetaTreinamentos\\Core\\Router->dispatch()\n#4 \/home\/u220553158\/domains\/planetatreinamentos.com.br\/public_html\/public\/index.php(82): PlanetaTreinamentos\\Core\\App->run()\n#5 {main}"}
[2025-11-23 09:05:59] [ERROR] Exception: Call to undefined method PlanetaTreinamentos\Models\CargaHoraria::allWithInactive() {"file":"\/home\/u220553158\/domains\/planetatreinamentos.com.br\/public_html\/src\/Controllers\/CargaHorariaController.php","line":24,"trace":"#0 [internal function]: PlanetaTreinamentos\\Controllers\\CargaHorariaController->index()\n#1 \/home\/u220553158\/domains\/planetatreinamentos.com.br\/public_html\/src\/Core\/Router.php(224): call_user_func_array()\n#2 \/home\/u220553158\/domains\/planetatreinamentos.com.br\/public_html\/src\/Core\/Router.php(116): PlanetaTreinamentos\\Core\\Router->runAction()\n#3 \/home\/u220553158\/domains\/planetatreinamentos.com.br\/public_html\/src\/Core\/App.php(139): PlanetaTreinamentos\\Core\\Router->dispatch()\n#4 \/home\/u220553158\/domains\/planetatreinamentos.com.br\/public_html\/public\/index.php(82): PlanetaTreinamentos\\Core\\App->run()\n#5 {main}"}
[2025-11-23 09:06:03] [ERROR] Exception: Call to undefined method PlanetaTreinamentos\Models\Professor::allWithInactive() {"file":"\/home\/u220553158\/domains\/planetatreinamentos.com.br\/public_html\/src\/Controllers\/ProfessorController.php","line":24,"trace":"#0 [internal function]: PlanetaTreinamentos\\Controllers\\ProfessorController->index()\n#1 \/home\/u220553158\/domains\/planetatreinamentos.com.br\/public_html\/src\/Core\/Router.php(224): call_user_func_array()\n#2 \/home\/u220553158\/domains\/planetatreinamentos.com.br\/public_html\/src\/Core\/Router.php(116): PlanetaTreinamentos\\Core\\Router->runAction()\n#3 \/home\/u220553158\/domains\/planetatreinamentos.com.br\/public_html\/src\/Core\/App.php(139): PlanetaTreinamentos\\Core\\Router->dispatch()\n#4 \/home\/u220553158\/domains\/planetatreinamentos.com.br\/public_html\/public\/index.php(82): PlanetaTreinamentos\\Core\\App->run()\n#5 {main}"}
[2025-11-23 09:06:08] [ERROR] Exception: Class "PlanetaTreinamentos\Models\Certificado" not found {"file":"\/home\/u220553158\/domains\/planetatreinamentos.com.br\/public_html\/src\/Controllers\/CertificadoController.php","line":21,"trace":"#0 \/home\/u220553158\/domains\/planetatreinamentos.com.br\/public_html\/src\/Core\/Router.php(217): PlanetaTreinamentos\\Controllers\\CertificadoController->__construct()\n#1 \/home\/u220553158\/domains\/planetatreinamentos.com.br\/public_html\/src\/Core\/Router.php(116): PlanetaTreinamentos\\Core\\Router->runAction()\n#2 \/home\/u220553158\/domains\/planetatreinamentos.com.br\/public_html\/src\/Core\/App.php(139): PlanetaTreinamentos\\Core\\Router->dispatch()\n#3 \/home\/u220553158\/domains\/planetatreinamentos.com.br\/public_html\/public\/index.php(82): PlanetaTreinamentos\\Core\\App->run()\n#4 {main}"}
[2025-11-23 09:08:20] [ERROR] Query error: SQLSTATE[42S22]: Column not found: 1054 Unknown column 'status' in 'WHERE' {"sql":"SELECT chave, valor FROM configuracoes WHERE status = 1","params":[]}
[2025-11-23 09:08:20] [ERROR] Erro ao carregar configurações: Erro ao executar query
[2025-11-23 09:08:55] [ERROR] Exception: Call to undefined method PlanetaTreinamentos\Models\Aluno::all() {"file":"\/home\/u220553158\/domains\/planetatreinamentos.com.br\/public_html\/src\/Controllers\/AlunoController.php","line":49,"trace":"#0 [internal function]: PlanetaTreinamentos\\Controllers\\AlunoController->index()\n#1 \/home\/u220553158\/domains\/planetatreinamentos.com.br\/public_html\/src\/Core\/Router.php(224): call_user_func_array()\n#2 \/home\/u220553158\/domains\/planetatreinamentos.com.br\/public_html\/src\/Core\/Router.php(116): PlanetaTreinamentos\\Core\\Router->runAction()\n#3 \/home\/u220553158\/domains\/planetatreinamentos.com.br\/public_html\/src\/Core\/App.php(139): PlanetaTreinamentos\\Core\\Router->dispatch()\n#4 \/home\/u220553158\/domains\/planetatreinamentos.com.br\/public_html\/public\/index.php(82): PlanetaTreinamentos\\Core\\App->run()\n#5 {main}"}
[2025-11-23 09:23:43] [ERROR] Query error: SQLSTATE[42S22]: Column not found: 1054 Unknown column 'status' in 'WHERE' {"sql":"SELECT chave, valor FROM configuracoes WHERE status = 1","params":[]}
[2025-11-23 09:23:43] [ERROR] Erro ao carregar configurações: Erro ao executar query
[2025-11-23 09:23:44] [ERROR] Query error: SQLSTATE[42S22]: Column not found: 1054 Unknown column 'status' in 'WHERE' {"sql":"SELECT chave, valor FROM configuracoes WHERE status = 1","params":[]}
[2025-11-23 09:23:44] [ERROR] Erro ao carregar configurações: Erro ao executar query
[2025-11-23 09:23:44] [ERROR] Query error: SQLSTATE[42S22]: Column not found: 1054 Unknown column 'status' in 'WHERE' {"sql":"SELECT chave, valor FROM configuracoes WHERE status = 1","params":[]}
[2025-11-23 09:23:44] [ERROR] Erro ao carregar configurações: Erro ao executar query
[2025-11-23 10:45:40] [ERROR] Query error: SQLSTATE[42S22]: Column not found: 1054 Unknown column 'status' in 'WHERE' {"sql":"SELECT chave, valor FROM configuracoes WHERE status = 1","params":[]}
[2025-11-23 10:45:40] [ERROR] Erro ao carregar configurações: Erro ao executar query
[2025-11-23 13:58:43] [ERROR] Query error: SQLSTATE[42S22]: Column not found: 1054 Unknown column 'status' in 'WHERE' {"sql":"SELECT chave, valor FROM configuracoes WHERE status = 1","params":[]}
[2025-11-23 13:58:43] [ERROR] Erro ao carregar configurações: Erro ao executar query
[2025-11-23 17:28:27] [ERROR] Query error: SQLSTATE[42S22]: Column not found: 1054 Unknown column 'status' in 'WHERE' {"sql":"SELECT chave, valor FROM configuracoes WHERE status = 1","params":[]}
[2025-11-23 17:28:27] [ERROR] Erro ao carregar configurações: Erro ao executar query
[2025-11-23 17:37:04] [ERROR] Query error: SQLSTATE[42S22]: Column not found: 1054 Unknown column 'status' in 'WHERE' {"sql":"SELECT chave, valor FROM configuracoes WHERE status = 1","params":[]}
[2025-11-23 17:37:04] [ERROR] Erro ao carregar configurações: Erro ao executar query
[2025-11-23 17:59:05] [ERROR] Query error: SQLSTATE[42S22]: Column not found: 1054 Unknown column 'status' in 'WHERE' {"sql":"SELECT chave, valor FROM configuracoes WHERE status = 1","params":[]}
[2025-11-23 17:59:05] [ERROR] Erro ao carregar configurações: Erro ao executar query
[2025-11-23 22:21:13] [ERROR] Query error: SQLSTATE[42S22]: Column not found: 1054 Unknown column 'status' in 'WHERE' {"sql":"SELECT chave, valor FROM configuracoes WHERE status = 1","params":[]}
[2025-11-23 22:21:13] [ERROR] Erro ao carregar configurações: Erro ao executar query
[2025-11-23 22:21:13] [ERROR] Query error: SQLSTATE[42S22]: Column not found: 1054 Unknown column 'status' in 'WHERE' {"sql":"SELECT chave, valor FROM configuracoes WHERE status = 1","params":[]}
[2025-11-23 22:21:13] [ERROR] Erro ao carregar configurações: Erro ao executar query
[2025-11-23 22:21:14] [ERROR] Query error: SQLSTATE[42S22]: Column not found: 1054 Unknown column 'status' in 'WHERE' {"sql":"SELECT chave, valor FROM configuracoes WHERE status = 1","params":[]}
[2025-11-23 22:21:14] [ERROR] Erro ao carregar configurações: Erro ao executar query
