[2025-11-22 10:18:40] [ERROR] Exception: Too few arguments to function PlanetaTreinamentos\Models\Curso::__construct(), 0 passed in /home/u220553158/domains/planetatreinamentos.com.br/public_html/src/Controllers/PublicController.php on line 38 and exactly 1 expected {"file":"\/home\/u220553158\/domains\/planetatreinamentos.com.br\/public_html\/src\/Models\/Curso.php","line":15,"trace":"#0 \/home\/u220553158\/domains\/planetatreinamentos.com.br\/public_html\/src\/Controllers\/PublicController.php(38): PlanetaTreinamentos\\Models\\Curso->__construct()\n#1 \/home\/u220553158\/domains\/planetatreinamentos.com.br\/public_html\/src\/Core\/Router.php(217): PlanetaTreinamentos\\Controllers\\PublicController->__construct()\n#2 \/home\/u220553158\/domains\/planetatreinamentos.com.br\/public_html\/src\/Core\/Router.php(116): PlanetaTreinamentos\\Core\\Router->runAction()\n#3 \/home\/u220553158\/domains\/planetatreinamentos.com.br\/public_html\/src\/Core\/App.php(139): PlanetaTreinamentos\\Core\\Router->dispatch()\n#4 \/home\/u220553158\/domains\/planetatreinamentos.com.br\/public_html\/public\/index.php(82): PlanetaTreinamentos\\Core\\App->run()\n#5 {main}"}
[2025-11-22 10:20:15] [ERROR] Query error: SQLSTATE[42S22]: Column not found: 1054 Unknown column 'status' in 'WHERE' {"sql":"SELECT chave, valor FROM configuracoes WHERE status = 1","params":[]}
[2025-11-22 10:20:15] [ERROR] Erro ao carregar configurações: Erro ao executar query
[2025-11-22 10:20:26] [ERROR] Query error: SQLSTATE[42S22]: Column not found: 1054 Unknown column 'status' in 'WHERE' {"sql":"SELECT chave, valor FROM configuracoes WHERE status = 1","params":[]}
[2025-11-22 10:20:26] [ERROR] Erro ao carregar configurações: Erro ao executar query
[2025-11-22 10:20:28] [ERROR] Query error: SQLSTATE[42S22]: Column not found: 1054 Unknown column 'status' in 'WHERE' {"sql":"SELECT chave, valor FROM configuracoes WHERE status = 1","params":[]}
[2025-11-22 10:20:28] [ERROR] Erro ao carregar configurações: Erro ao executar query
[2025-11-22 10:20:37] [ERROR] Query error: SQLSTATE[42S22]: Column not found: 1054 Unknown column 'status' in 'WHERE' {"sql":"SELECT chave, valor FROM configuracoes WHERE status = 1","params":[]}
[2025-11-22 10:20:37] [ERROR] Erro ao carregar configurações: Erro ao executar query
[2025-11-22 10:20:37] [ERROR] Exception: htmlspecialchars(): Argument #1 ($string) must be of type string, array given {"file":"\/home\/u220553158\/domains\/planetatreinamentos.com.br\/public_html\/views\/public\/contato.php","line":180,"trace":"#0 \/home\/u220553158\/domains\/planetatreinamentos.com.br\/public_html\/views\/public\/contato.php(180): htmlspecialchars()\n#1 \/home\/u220553158\/domains\/planetatreinamentos.com.br\/public_html\/src\/Core\/View.php(70): require('\/home\/u22055315...')\n#2 \/home\/u220553158\/domains\/planetatreinamentos.com.br\/public_html\/src\/Core\/View.php(41): PlanetaTreinamentos\\Core\\View::renderView()\n#3 \/home\/u220553158\/domains\/planetatreinamentos.com.br\/public_html\/src\/Core\/View.php(115): PlanetaTreinamentos\\Core\\View::render()\n#4 \/home\/u220553158\/domains\/planetatreinamentos.com.br\/public_html\/src\/Controllers\/PublicController.php(157): PlanetaTreinamentos\\Core\\View::make()\n#5 [internal function]: PlanetaTreinamentos\\Controllers\\PublicController->contato()\n#6 \/home\/u220553158\/domains\/planetatreinamentos.com.br\/public_html\/src\/Core\/Router.php(224): call_user_func_array()\n#7 \/home\/u220553158\/domains\/planetatreinamentos.com.br\/public_html\/src\/Core\/Router.php(116): PlanetaTreinamentos\\Core\\Router->runAction()\n#8 \/home\/u220553158\/domains\/planetatreinamentos.com.br\/public_html\/src\/Core\/App.php(139): PlanetaTreinamentos\\Core\\Router->dispatch()\n#9 \/home\/u220553158\/domains\/planetatreinamentos.com.br\/public_html\/public\/index.php(82): PlanetaTreinamentos\\Core\\App->run()\n#10 {main}"}
[2025-11-22 10:20:43] [ERROR] Query error: SQLSTATE[42S22]: Column not found: 1054 Unknown column 'status' in 'WHERE' {"sql":"SELECT chave, valor FROM configuracoes WHERE status = 1","params":[]}
[2025-11-22 10:20:43] [ERROR] Erro ao carregar configurações: Erro ao executar query
[2025-11-22 10:20:51] [ERROR] Query error: SQLSTATE[42S22]: Column not found: 1054 Unknown column 'status' in 'WHERE' {"sql":"SELECT chave, valor FROM configuracoes WHERE status = 1","params":[]}
[2025-11-22 10:20:51] [ERROR] Erro ao carregar configurações: Erro ao executar query
[2025-11-22 10:20:51] [ERROR] Exception: htmlspecialchars(): Argument #1 ($string) must be of type string, array given {"file":"\/home\/u220553158\/domains\/planetatreinamentos.com.br\/public_html\/views\/public\/contato.php","line":180,"trace":"#0 \/home\/u220553158\/domains\/planetatreinamentos.com.br\/public_html\/views\/public\/contato.php(180): htmlspecialchars()\n#1 \/home\/u220553158\/domains\/planetatreinamentos.com.br\/public_html\/src\/Core\/View.php(70): require('\/home\/u22055315...')\n#2 \/home\/u220553158\/domains\/planetatreinamentos.com.br\/public_html\/src\/Core\/View.php(41): PlanetaTreinamentos\\Core\\View::renderView()\n#3 \/home\/u220553158\/domains\/planetatreinamentos.com.br\/public_html\/src\/Core\/View.php(115): PlanetaTreinamentos\\Core\\View::render()\n#4 \/home\/u220553158\/domains\/planetatreinamentos.com.br\/public_html\/src\/Controllers\/PublicController.php(157): PlanetaTreinamentos\\Core\\View::make()\n#5 [internal function]: PlanetaTreinamentos\\Controllers\\PublicController->contato()\n#6 \/home\/u220553158\/domains\/planetatreinamentos.com.br\/public_html\/src\/Core\/Router.php(224): call_user_func_array()\n#7 \/home\/u220553158\/domains\/planetatreinamentos.com.br\/public_html\/src\/Core\/Router.php(116): PlanetaTreinamentos\\Core\\Router->runAction()\n#8 \/home\/u220553158\/domains\/planetatreinamentos.com.br\/public_html\/src\/Core\/App.php(139): PlanetaTreinamentos\\Core\\Router->dispatch()\n#9 \/home\/u220553158\/domains\/planetatreinamentos.com.br\/public_html\/public\/index.php(82): PlanetaTreinamentos\\Core\\App->run()\n#10 {main}"}
[2025-11-22 10:21:39] [ERROR] Query error: SQLSTATE[42S22]: Column not found: 1054 Unknown column 'status' in 'WHERE' {"sql":"SELECT chave, valor FROM configuracoes WHERE status = 1","params":[]}
[2025-11-22 10:21:39] [ERROR] Erro ao carregar configurações: Erro ao executar query
[2025-11-22 10:22:16] [ERROR] Exception: Too few arguments to function PlanetaTreinamentos\Models\Aluno::__construct(), 0 passed in /home/u220553158/domains/planetatreinamentos.com.br/public_html/src/Controllers/AlunoController.php on line 32 and exactly 1 expected {"file":"\/home\/u220553158\/domains\/planetatreinamentos.com.br\/public_html\/src\/Models\/Aluno.php","line":15,"trace":"#0 \/home\/u220553158\/domains\/planetatreinamentos.com.br\/public_html\/src\/Controllers\/AlunoController.php(32): PlanetaTreinamentos\\Models\\Aluno->__construct()\n#1 \/home\/u220553158\/domains\/planetatreinamentos.com.br\/public_html\/src\/Core\/Router.php(217): PlanetaTreinamentos\\Controllers\\AlunoController->__construct()\n#2 \/home\/u220553158\/domains\/planetatreinamentos.com.br\/public_html\/src\/Core\/Router.php(116): PlanetaTreinamentos\\Core\\Router->runAction()\n#3 \/home\/u220553158\/domains\/planetatreinamentos.com.br\/public_html\/src\/Core\/App.php(139): PlanetaTreinamentos\\Core\\Router->dispatch()\n#4 \/home\/u220553158\/domains\/planetatreinamentos.com.br\/public_html\/public\/index.php(82): PlanetaTreinamentos\\Core\\App->run()\n#5 {main}"}
[2025-11-22 10:22:19] [ERROR] Exception: Too few arguments to function PlanetaTreinamentos\Models\Aluno::__construct(), 0 passed in /home/u220553158/domains/planetatreinamentos.com.br/public_html/src/Controllers/AlunoController.php on line 32 and exactly 1 expected {"file":"\/home\/u220553158\/domains\/planetatreinamentos.com.br\/public_html\/src\/Models\/Aluno.php","line":15,"trace":"#0 \/home\/u220553158\/domains\/planetatreinamentos.com.br\/public_html\/src\/Controllers\/AlunoController.php(32): PlanetaTreinamentos\\Models\\Aluno->__construct()\n#1 \/home\/u220553158\/domains\/planetatreinamentos.com.br\/public_html\/src\/Core\/Router.php(217): PlanetaTreinamentos\\Controllers\\AlunoController->__construct()\n#2 \/home\/u220553158\/domains\/planetatreinamentos.com.br\/public_html\/src\/Core\/Router.php(116): PlanetaTreinamentos\\Core\\Router->runAction()\n#3 \/home\/u220553158\/domains\/planetatreinamentos.com.br\/public_html\/src\/Core\/App.php(139): PlanetaTreinamentos\\Core\\Router->dispatch()\n#4 \/home\/u220553158\/domains\/planetatreinamentos.com.br\/public_html\/public\/index.php(82): PlanetaTreinamentos\\Core\\App->run()\n#5 {main}"}
[2025-11-22 10:22:21] [ERROR] Exception: Too few arguments to function PlanetaTreinamentos\Models\Curso::__construct(), 0 passed in /home/u220553158/domains/planetatreinamentos.com.br/public_html/src/Controllers/CursoController.php on line 26 and exactly 1 expected {"file":"\/home\/u220553158\/domains\/planetatreinamentos.com.br\/public_html\/src\/Models\/Curso.php","line":15,"trace":"#0 \/home\/u220553158\/domains\/planetatreinamentos.com.br\/public_html\/src\/Controllers\/CursoController.php(26): PlanetaTreinamentos\\Models\\Curso->__construct()\n#1 \/home\/u220553158\/domains\/planetatreinamentos.com.br\/public_html\/src\/Core\/Router.php(217): PlanetaTreinamentos\\Controllers\\CursoController->__construct()\n#2 \/home\/u220553158\/domains\/planetatreinamentos.com.br\/public_html\/src\/Core\/Router.php(116): PlanetaTreinamentos\\Core\\Router->runAction()\n#3 \/home\/u220553158\/domains\/planetatreinamentos.com.br\/public_html\/src\/Core\/App.php(139): PlanetaTreinamentos\\Core\\Router->dispatch()\n#4 \/home\/u220553158\/domains\/planetatreinamentos.com.br\/public_html\/public\/index.php(82): PlanetaTreinamentos\\Core\\App->run()\n#5 {main}"}
[2025-11-22 10:22:23] [ERROR] Exception: Too few arguments to function PlanetaTreinamentos\Models\Professor::__construct(), 0 passed in /home/u220553158/domains/planetatreinamentos.com.br/public_html/src/Controllers/ProfessorController.php on line 26 and exactly 1 expected {"file":"\/home\/u220553158\/domains\/planetatreinamentos.com.br\/public_html\/src\/Models\/Professor.php","line":15,"trace":"#0 \/home\/u220553158\/domains\/planetatreinamentos.com.br\/public_html\/src\/Controllers\/ProfessorController.php(26): PlanetaTreinamentos\\Models\\Professor->__construct()\n#1 \/home\/u220553158\/domains\/planetatreinamentos.com.br\/public_html\/src\/Core\/Router.php(217): PlanetaTreinamentos\\Controllers\\ProfessorController->__construct()\n#2 \/home\/u220553158\/domains\/planetatreinamentos.com.br\/public_html\/src\/Core\/Router.php(116): PlanetaTreinamentos\\Core\\Router->runAction()\n#3 \/home\/u220553158\/domains\/planetatreinamentos.com.br\/public_html\/src\/Core\/App.php(139): PlanetaTreinamentos\\Core\\Router->dispatch()\n#4 \/home\/u220553158\/domains\/planetatreinamentos.com.br\/public_html\/public\/index.php(82): PlanetaTreinamentos\\Core\\App->run()\n#5 {main}"}
[2025-11-22 10:22:25] [ERROR] Exception: Too few arguments to function PlanetaTreinamentos\Models\Aluno::__construct(), 0 passed in /home/u220553158/domains/planetatreinamentos.com.br/public_html/src/Controllers/CertificadoController.php on line 35 and exactly 1 expected {"file":"\/home\/u220553158\/domains\/planetatreinamentos.com.br\/public_html\/src\/Models\/Aluno.php","line":15,"trace":"#0 \/home\/u220553158\/domains\/planetatreinamentos.com.br\/public_html\/src\/Controllers\/CertificadoController.php(35): PlanetaTreinamentos\\Models\\Aluno->__construct()\n#1 \/home\/u220553158\/domains\/planetatreinamentos.com.br\/public_html\/src\/Core\/Router.php(217): PlanetaTreinamentos\\Controllers\\CertificadoController->__construct()\n#2 \/home\/u220553158\/domains\/planetatreinamentos.com.br\/public_html\/src\/Core\/Router.php(116): PlanetaTreinamentos\\Core\\Router->runAction()\n#3 \/home\/u220553158\/domains\/planetatreinamentos.com.br\/public_html\/src\/Core\/App.php(139): PlanetaTreinamentos\\Core\\Router->dispatch()\n#4 \/home\/u220553158\/domains\/planetatreinamentos.com.br\/public_html\/public\/index.php(82): PlanetaTreinamentos\\Core\\App->run()\n#5 {main}"}
[2025-11-22 10:22:31] [ERROR] Query error: SQLSTATE[42S22]: Column not found: 1054 Unknown column 'status' in 'WHERE' {"sql":"SELECT chave, valor FROM configuracoes WHERE status = 1","params":[]}
[2025-11-22 10:22:31] [ERROR] Erro ao carregar configurações: Erro ao executar query
[2025-11-22 10:29:19] [ERROR] Query error: SQLSTATE[42S22]: Column not found: 1054 Unknown column 'status' in 'WHERE' {"sql":"SELECT chave, valor FROM configuracoes WHERE status = 1","params":[]}
[2025-11-22 10:29:19] [ERROR] Erro ao carregar configurações: Erro ao executar query
[2025-11-22 10:29:25] [ERROR] Exception: Too few arguments to function PlanetaTreinamentos\Models\Aluno::__construct(), 0 passed in /home/u220553158/domains/planetatreinamentos.com.br/public_html/src/Controllers/AlunoController.php on line 32 and exactly 1 expected {"file":"\/home\/u220553158\/domains\/planetatreinamentos.com.br\/public_html\/src\/Models\/Aluno.php","line":15,"trace":"#0 \/home\/u220553158\/domains\/planetatreinamentos.com.br\/public_html\/src\/Controllers\/AlunoController.php(32): PlanetaTreinamentos\\Models\\Aluno->__construct()\n#1 \/home\/u220553158\/domains\/planetatreinamentos.com.br\/public_html\/src\/Core\/Router.php(217): PlanetaTreinamentos\\Controllers\\AlunoController->__construct()\n#2 \/home\/u220553158\/domains\/planetatreinamentos.com.br\/public_html\/src\/Core\/Router.php(116): PlanetaTreinamentos\\Core\\Router->runAction()\n#3 \/home\/u220553158\/domains\/planetatreinamentos.com.br\/public_html\/src\/Core\/App.php(139): PlanetaTreinamentos\\Core\\Router->dispatch()\n#4 \/home\/u220553158\/domains\/planetatreinamentos.com.br\/public_html\/public\/index.php(82): PlanetaTreinamentos\\Core\\App->run()\n#5 {main}"}
[2025-11-22 10:29:40] [ERROR] Exception: Too few arguments to function PlanetaTreinamentos\Models\Aluno::__construct(), 0 passed in /home/u220553158/domains/planetatreinamentos.com.br/public_html/src/Controllers/AlunoController.php on line 32 and exactly 1 expected {"file":"\/home\/u220553158\/domains\/planetatreinamentos.com.br\/public_html\/src\/Models\/Aluno.php","line":15,"trace":"#0 \/home\/u220553158\/domains\/planetatreinamentos.com.br\/public_html\/src\/Controllers\/AlunoController.php(32): PlanetaTreinamentos\\Models\\Aluno->__construct()\n#1 \/home\/u220553158\/domains\/planetatreinamentos.com.br\/public_html\/src\/Core\/Router.php(217): PlanetaTreinamentos\\Controllers\\AlunoController->__construct()\n#2 \/home\/u220553158\/domains\/planetatreinamentos.com.br\/public_html\/src\/Core\/Router.php(116): PlanetaTreinamentos\\Core\\Router->runAction()\n#3 \/home\/u220553158\/domains\/planetatreinamentos.com.br\/public_html\/src\/Core\/App.php(139): PlanetaTreinamentos\\Core\\Router->dispatch()\n#4 \/home\/u220553158\/domains\/planetatreinamentos.com.br\/public_html\/public\/index.php(82): PlanetaTreinamentos\\Core\\App->run()\n#5 {main}"}
[2025-11-22 10:29:57] [ERROR] Exception: Too few arguments to function PlanetaTreinamentos\Models\Curso::__construct(), 0 passed in /home/u220553158/domains/planetatreinamentos.com.br/public_html/src/Controllers/CursoController.php on line 26 and exactly 1 expected {"file":"\/home\/u220553158\/domains\/planetatreinamentos.com.br\/public_html\/src\/Models\/Curso.php","line":15,"trace":"#0 \/home\/u220553158\/domains\/planetatreinamentos.com.br\/public_html\/src\/Controllers\/CursoController.php(26): PlanetaTreinamentos\\Models\\Curso->__construct()\n#1 \/home\/u220553158\/domains\/planetatreinamentos.com.br\/public_html\/src\/Core\/Router.php(217): PlanetaTreinamentos\\Controllers\\CursoController->__construct()\n#2 \/home\/u220553158\/domains\/planetatreinamentos.com.br\/public_html\/src\/Core\/Router.php(116): PlanetaTreinamentos\\Core\\Router->runAction()\n#3 \/home\/u220553158\/domains\/planetatreinamentos.com.br\/public_html\/src\/Core\/App.php(139): PlanetaTreinamentos\\Core\\Router->dispatch()\n#4 \/home\/u220553158\/domains\/planetatreinamentos.com.br\/public_html\/public\/index.php(82): PlanetaTreinamentos\\Core\\App->run()\n#5 {main}"}
[2025-11-22 10:30:31] [ERROR] Exception: Too few arguments to function PlanetaTreinamentos\Models\Curso::__construct(), 0 passed in /home/u220553158/domains/planetatreinamentos.com.br/public_html/src/Controllers/CursoController.php on line 26 and exactly 1 expected {"file":"\/home\/u220553158\/domains\/planetatreinamentos.com.br\/public_html\/src\/Models\/Curso.php","line":15,"trace":"#0 \/home\/u220553158\/domains\/planetatreinamentos.com.br\/public_html\/src\/Controllers\/CursoController.php(26): PlanetaTreinamentos\\Models\\Curso->__construct()\n#1 \/home\/u220553158\/domains\/planetatreinamentos.com.br\/public_html\/src\/Core\/Router.php(217): PlanetaTreinamentos\\Controllers\\CursoController->__construct()\n#2 \/home\/u220553158\/domains\/planetatreinamentos.com.br\/public_html\/src\/Core\/Router.php(116): PlanetaTreinamentos\\Core\\Router->runAction()\n#3 \/home\/u220553158\/domains\/planetatreinamentos.com.br\/public_html\/src\/Core\/App.php(139): PlanetaTreinamentos\\Core\\Router->dispatch()\n#4 \/home\/u220553158\/domains\/planetatreinamentos.com.br\/public_html\/public\/index.php(82): PlanetaTreinamentos\\Core\\App->run()\n#5 {main}"}
[2025-11-22 10:30:42] [ERROR] Exception: Too few arguments to function PlanetaTreinamentos\Models\CargaHoraria::__construct(), 0 passed in /home/u220553158/domains/planetatreinamentos.com.br/public_html/src/Controllers/CargaHorariaController.php on line 26 and exactly 1 expected {"file":"\/home\/u220553158\/domains\/planetatreinamentos.com.br\/public_html\/src\/Models\/CargaHoraria.php","line":15,"trace":"#0 \/home\/u220553158\/domains\/planetatreinamentos.com.br\/public_html\/src\/Controllers\/CargaHorariaController.php(26): PlanetaTreinamentos\\Models\\CargaHoraria->__construct()\n#1 \/home\/u220553158\/domains\/planetatreinamentos.com.br\/public_html\/src\/Core\/Router.php(217): PlanetaTreinamentos\\Controllers\\CargaHorariaController->__construct()\n#2 \/home\/u220553158\/domains\/planetatreinamentos.com.br\/public_html\/src\/Core\/Router.php(116): PlanetaTreinamentos\\Core\\Router->runAction()\n#3 \/home\/u220553158\/domains\/planetatreinamentos.com.br\/public_html\/src\/Core\/App.php(139): PlanetaTreinamentos\\Core\\Router->dispatch()\n#4 \/home\/u220553158\/domains\/planetatreinamentos.com.br\/public_html\/public\/index.php(82): PlanetaTreinamentos\\Core\\App->run()\n#5 {main}"}
[2025-11-22 10:30:51] [ERROR] Exception: Too few arguments to function PlanetaTreinamentos\Models\Professor::__construct(), 0 passed in /home/u220553158/domains/planetatreinamentos.com.br/public_html/src/Controllers/ProfessorController.php on line 26 and exactly 1 expected {"file":"\/home\/u220553158\/domains\/planetatreinamentos.com.br\/public_html\/src\/Models\/Professor.php","line":15,"trace":"#0 \/home\/u220553158\/domains\/planetatreinamentos.com.br\/public_html\/src\/Controllers\/ProfessorController.php(26): PlanetaTreinamentos\\Models\\Professor->__construct()\n#1 \/home\/u220553158\/domains\/planetatreinamentos.com.br\/public_html\/src\/Core\/Router.php(217): PlanetaTreinamentos\\Controllers\\ProfessorController->__construct()\n#2 \/home\/u220553158\/domains\/planetatreinamentos.com.br\/public_html\/src\/Core\/Router.php(116): PlanetaTreinamentos\\Core\\Router->runAction()\n#3 \/home\/u220553158\/domains\/planetatreinamentos.com.br\/public_html\/src\/Core\/App.php(139): PlanetaTreinamentos\\Core\\Router->dispatch()\n#4 \/home\/u220553158\/domains\/planetatreinamentos.com.br\/public_html\/public\/index.php(82): PlanetaTreinamentos\\Core\\App->run()\n#5 {main}"}
[2025-11-22 10:31:04] [ERROR] Exception: Too few arguments to function PlanetaTreinamentos\Models\Professor::__construct(), 0 passed in /home/u220553158/domains/planetatreinamentos.com.br/public_html/src/Controllers/ProfessorController.php on line 26 and exactly 1 expected {"file":"\/home\/u220553158\/domains\/planetatreinamentos.com.br\/public_html\/src\/Models\/Professor.php","line":15,"trace":"#0 \/home\/u220553158\/domains\/planetatreinamentos.com.br\/public_html\/src\/Controllers\/ProfessorController.php(26): PlanetaTreinamentos\\Models\\Professor->__construct()\n#1 \/home\/u220553158\/domains\/planetatreinamentos.com.br\/public_html\/src\/Core\/Router.php(217): PlanetaTreinamentos\\Controllers\\ProfessorController->__construct()\n#2 \/home\/u220553158\/domains\/planetatreinamentos.com.br\/public_html\/src\/Core\/Router.php(116): PlanetaTreinamentos\\Core\\Router->runAction()\n#3 \/home\/u220553158\/domains\/planetatreinamentos.com.br\/public_html\/src\/Core\/App.php(139): PlanetaTreinamentos\\Core\\Router->dispatch()\n#4 \/home\/u220553158\/domains\/planetatreinamentos.com.br\/public_html\/public\/index.php(82): PlanetaTreinamentos\\Core\\App->run()\n#5 {main}"}
[2025-11-22 10:31:13] [ERROR] Exception: Too few arguments to function PlanetaTreinamentos\Models\Aluno::__construct(), 0 passed in /home/u220553158/domains/planetatreinamentos.com.br/public_html/src/Controllers/CertificadoController.php on line 35 and exactly 1 expected {"file":"\/home\/u220553158\/domains\/planetatreinamentos.com.br\/public_html\/src\/Models\/Aluno.php","line":15,"trace":"#0 \/home\/u220553158\/domains\/planetatreinamentos.com.br\/public_html\/src\/Controllers\/CertificadoController.php(35): PlanetaTreinamentos\\Models\\Aluno->__construct()\n#1 \/home\/u220553158\/domains\/planetatreinamentos.com.br\/public_html\/src\/Core\/Router.php(217): PlanetaTreinamentos\\Controllers\\CertificadoController->__construct()\n#2 \/home\/u220553158\/domains\/planetatreinamentos.com.br\/public_html\/src\/Core\/Router.php(116): PlanetaTreinamentos\\Core\\Router->runAction()\n#3 \/home\/u220553158\/domains\/planetatreinamentos.com.br\/public_html\/src\/Core\/App.php(139): PlanetaTreinamentos\\Core\\Router->dispatch()\n#4 \/home\/u220553158\/domains\/planetatreinamentos.com.br\/public_html\/public\/index.php(82): PlanetaTreinamentos\\Core\\App->run()\n#5 {main}"}
[2025-11-22 10:31:39] [ERROR] Query error: SQLSTATE[42S22]: Column not found: 1054 Unknown column 'status' in 'WHERE' {"sql":"SELECT chave, valor FROM configuracoes WHERE status = 1","params":[]}
[2025-11-22 10:31:39] [ERROR] Erro ao carregar configurações: Erro ao executar query
[2025-11-22 10:31:39] [ERROR] Query error: SQLSTATE[42S22]: Column not found: 1054 Unknown column 'status' in 'WHERE' {"sql":"SELECT chave, valor FROM configuracoes WHERE status = 1","params":[]}
[2025-11-22 10:31:39] [ERROR] Erro ao carregar configurações: Erro ao executar query
[2025-11-22 10:31:39] [ERROR] Query error: SQLSTATE[42S22]: Column not found: 1054 Unknown column 'status' in 'WHERE' {"sql":"SELECT chave, valor FROM configuracoes WHERE status = 1","params":[]}
[2025-11-22 10:31:39] [ERROR] Erro ao carregar configurações: Erro ao executar query
[2025-11-22 10:31:39] [ERROR] Query error: SQLSTATE[42S22]: Column not found: 1054 Unknown column 'status' in 'WHERE' {"sql":"SELECT chave, valor FROM configuracoes WHERE status = 1","params":[]}
[2025-11-22 10:31:39] [ERROR] Erro ao carregar configurações: Erro ao executar query
[2025-11-22 10:31:39] [ERROR] Query error: SQLSTATE[42S22]: Column not found: 1054 Unknown column 'status' in 'WHERE' {"sql":"SELECT chave, valor FROM configuracoes WHERE status = 1","params":[]}
[2025-11-22 10:31:39] [ERROR] Erro ao carregar configurações: Erro ao executar query
[2025-11-22 10:31:40] [ERROR] Query error: SQLSTATE[42S22]: Column not found: 1054 Unknown column 'status' in 'WHERE' {"sql":"SELECT chave, valor FROM configuracoes WHERE status = 1","params":[]}
[2025-11-22 10:31:40] [ERROR] Erro ao carregar configurações: Erro ao executar query
[2025-11-22 10:31:40] [ERROR] Query error: SQLSTATE[42S22]: Column not found: 1054 Unknown column 'status' in 'WHERE' {"sql":"SELECT chave, valor FROM configuracoes WHERE status = 1","params":[]}
[2025-11-22 10:31:40] [ERROR] Erro ao carregar configurações: Erro ao executar query
[2025-11-22 12:10:28] [ERROR] Query error: SQLSTATE[42S22]: Column not found: 1054 Unknown column 'status' in 'WHERE' {"sql":"SELECT chave, valor FROM configuracoes WHERE status = 1","params":[]}
[2025-11-22 12:10:28] [ERROR] Erro ao carregar configurações: Erro ao executar query
[2025-11-22 14:25:51] [ERROR] Query error: SQLSTATE[42S22]: Column not found: 1054 Unknown column 'status' in 'WHERE' {"sql":"SELECT chave, valor FROM configuracoes WHERE status = 1","params":[]}
[2025-11-22 14:25:51] [ERROR] Erro ao carregar configurações: Erro ao executar query
[2025-11-22 14:27:10] [ERROR] Exception: Class "PlanetaTreinamentos\Core\Logger" not found {"file":"\/home\/u220553158\/domains\/planetatreinamentos.com.br\/public_html\/src\/Core\/CSRF.php","line":135,"trace":"#0 \/home\/u220553158\/domains\/planetatreinamentos.com.br\/public_html\/src\/Controllers\/PublicController.php(214): PlanetaTreinamentos\\Core\\CSRF::check()\n#1 [internal function]: PlanetaTreinamentos\\Controllers\\PublicController->criarInteressado()\n#2 \/home\/u220553158\/domains\/planetatreinamentos.com.br\/public_html\/src\/Core\/Router.php(224): call_user_func_array()\n#3 \/home\/u220553158\/domains\/planetatreinamentos.com.br\/public_html\/src\/Core\/Router.php(116): PlanetaTreinamentos\\Core\\Router->runAction()\n#4 \/home\/u220553158\/domains\/planetatreinamentos.com.br\/public_html\/src\/Core\/App.php(139): PlanetaTreinamentos\\Core\\Router->dispatch()\n#5 \/home\/u220553158\/domains\/planetatreinamentos.com.br\/public_html\/public\/index.php(82): PlanetaTreinamentos\\Core\\App->run()\n#6 {main}"}
[2025-11-22 14:27:13] [ERROR] Query error: SQLSTATE[42S22]: Column not found: 1054 Unknown column 'status' in 'WHERE' {"sql":"SELECT chave, valor FROM configuracoes WHERE status = 1","params":[]}
[2025-11-22 14:27:13] [ERROR] Erro ao carregar configurações: Erro ao executar query
[2025-11-22 14:28:28] [ERROR] Exception: Class "PlanetaTreinamentos\Core\Logger" not found {"file":"\/home\/u220553158\/domains\/planetatreinamentos.com.br\/public_html\/src\/Core\/CSRF.php","line":135,"trace":"#0 \/home\/u220553158\/domains\/planetatreinamentos.com.br\/public_html\/src\/Controllers\/PublicController.php(214): PlanetaTreinamentos\\Core\\CSRF::check()\n#1 [internal function]: PlanetaTreinamentos\\Controllers\\PublicController->criarInteressado()\n#2 \/home\/u220553158\/domains\/planetatreinamentos.com.br\/public_html\/src\/Core\/Router.php(224): call_user_func_array()\n#3 \/home\/u220553158\/domains\/planetatreinamentos.com.br\/public_html\/src\/Core\/Router.php(116): PlanetaTreinamentos\\Core\\Router->runAction()\n#4 \/home\/u220553158\/domains\/planetatreinamentos.com.br\/public_html\/src\/Core\/App.php(139): PlanetaTreinamentos\\Core\\Router->dispatch()\n#5 \/home\/u220553158\/domains\/planetatreinamentos.com.br\/public_html\/public\/index.php(82): PlanetaTreinamentos\\Core\\App->run()\n#6 {main}"}
[2025-11-22 14:28:30] [ERROR] Query error: SQLSTATE[42S22]: Column not found: 1054 Unknown column 'status' in 'WHERE' {"sql":"SELECT chave, valor FROM configuracoes WHERE status = 1","params":[]}
[2025-11-22 14:28:30] [ERROR] Erro ao carregar configurações: Erro ao executar query
[2025-11-22 14:28:32] [ERROR] Exception: Class "PlanetaTreinamentos\Core\Logger" not found {"file":"\/home\/u220553158\/domains\/planetatreinamentos.com.br\/public_html\/src\/Core\/CSRF.php","line":135,"trace":"#0 \/home\/u220553158\/domains\/planetatreinamentos.com.br\/public_html\/src\/Controllers\/PublicController.php(214): PlanetaTreinamentos\\Core\\CSRF::check()\n#1 [internal function]: PlanetaTreinamentos\\Controllers\\PublicController->criarInteressado()\n#2 \/home\/u220553158\/domains\/planetatreinamentos.com.br\/public_html\/src\/Core\/Router.php(224): call_user_func_array()\n#3 \/home\/u220553158\/domains\/planetatreinamentos.com.br\/public_html\/src\/Core\/Router.php(116): PlanetaTreinamentos\\Core\\Router->runAction()\n#4 \/home\/u220553158\/domains\/planetatreinamentos.com.br\/public_html\/src\/Core\/App.php(139): PlanetaTreinamentos\\Core\\Router->dispatch()\n#5 \/home\/u220553158\/domains\/planetatreinamentos.com.br\/public_html\/public\/index.php(82): PlanetaTreinamentos\\Core\\App->run()\n#6 {main}"}
[2025-11-22 14:28:32] [ERROR] Query error: SQLSTATE[42S22]: Column not found: 1054 Unknown column 'status' in 'WHERE' {"sql":"SELECT chave, valor FROM configuracoes WHERE status = 1","params":[]}
[2025-11-22 14:28:32] [ERROR] Erro ao carregar configurações: Erro ao executar query
[2025-11-22 14:28:33] [ERROR] Exception: Class "PlanetaTreinamentos\Core\Logger" not found {"file":"\/home\/u220553158\/domains\/planetatreinamentos.com.br\/public_html\/src\/Core\/CSRF.php","line":135,"trace":"#0 \/home\/u220553158\/domains\/planetatreinamentos.com.br\/public_html\/src\/Controllers\/PublicController.php(214): PlanetaTreinamentos\\Core\\CSRF::check()\n#1 [internal function]: PlanetaTreinamentos\\Controllers\\PublicController->criarInteressado()\n#2 \/home\/u220553158\/domains\/planetatreinamentos.com.br\/public_html\/src\/Core\/Router.php(224): call_user_func_array()\n#3 \/home\/u220553158\/domains\/planetatreinamentos.com.br\/public_html\/src\/Core\/Router.php(116): PlanetaTreinamentos\\Core\\Router->runAction()\n#4 \/home\/u220553158\/domains\/planetatreinamentos.com.br\/public_html\/src\/Core\/App.php(139): PlanetaTreinamentos\\Core\\Router->dispatch()\n#5 \/home\/u220553158\/domains\/planetatreinamentos.com.br\/public_html\/public\/index.php(82): PlanetaTreinamentos\\Core\\App->run()\n#6 {main}"}
[2025-11-22 14:28:33] [ERROR] Query error: SQLSTATE[42S22]: Column not found: 1054 Unknown column 'status' in 'WHERE' {"sql":"SELECT chave, valor FROM configuracoes WHERE status = 1","params":[]}
[2025-11-22 14:28:33] [ERROR] Erro ao carregar configurações: Erro ao executar query
[2025-11-22 15:56:49] [ERROR] Query error: SQLSTATE[42S22]: Column not found: 1054 Unknown column 'status' in 'WHERE' {"sql":"SELECT chave, valor FROM configuracoes WHERE status = 1","params":[]}
[2025-11-22 15:56:49] [ERROR] Erro ao carregar configurações: Erro ao executar query
[2025-11-22 16:32:09] [ERROR] Query error: SQLSTATE[42S22]: Column not found: 1054 Unknown column 'status' in 'WHERE' {"sql":"SELECT chave, valor FROM configuracoes WHERE status = 1","params":[]}
[2025-11-22 16:32:09] [ERROR] Erro ao carregar configurações: Erro ao executar query
[2025-11-22 16:52:36] [ERROR] Query error: SQLSTATE[42S22]: Column not found: 1054 Unknown column 'status' in 'WHERE' {"sql":"SELECT chave, valor FROM configuracoes WHERE status = 1","params":[]}
[2025-11-22 16:52:36] [ERROR] Erro ao carregar configurações: Erro ao executar query
[2025-11-22 16:52:39] [ERROR] Query error: SQLSTATE[42S22]: Column not found: 1054 Unknown column 'status' in 'WHERE' {"sql":"SELECT chave, valor FROM configuracoes WHERE status = 1","params":[]}
[2025-11-22 16:52:39] [ERROR] Erro ao carregar configurações: Erro ao executar query
[2025-11-22 16:52:42] [ERROR] Query error: SQLSTATE[42S22]: Column not found: 1054 Unknown column 'status' in 'WHERE' {"sql":"SELECT chave, valor FROM configuracoes WHERE status = 1","params":[]}
[2025-11-22 16:52:42] [ERROR] Erro ao carregar configurações: Erro ao executar query
[2025-11-22 20:22:05] [ERROR] Query error: SQLSTATE[42S22]: Column not found: 1054 Unknown column 'status' in 'WHERE' {"sql":"SELECT chave, valor FROM configuracoes WHERE status = 1","params":[]}
[2025-11-22 20:22:05] [ERROR] Erro ao carregar configurações: Erro ao executar query
[2025-11-22 22:24:25] [ERROR] Query error: SQLSTATE[42S22]: Column not found: 1054 Unknown column 'status' in 'WHERE' {"sql":"SELECT chave, valor FROM configuracoes WHERE status = 1","params":[]}
[2025-11-22 22:24:25] [ERROR] Erro ao carregar configurações: Erro ao executar query
[2025-11-22 23:06:18] [ERROR] Query error: SQLSTATE[42S22]: Column not found: 1054 Unknown column 'status' in 'WHERE' {"sql":"SELECT chave, valor FROM configuracoes WHERE status = 1","params":[]}
[2025-11-22 23:06:18] [ERROR] Erro ao carregar configurações: Erro ao executar query
[2025-11-22 23:07:05] [ERROR] Query error: SQLSTATE[42S22]: Column not found: 1054 Unknown column 'status' in 'WHERE' {"sql":"SELECT chave, valor FROM configuracoes WHERE status = 1","params":[]}
[2025-11-22 23:07:05] [ERROR] Erro ao carregar configurações: Erro ao executar query
[2025-11-22 23:07:43] [ERROR] Query error: SQLSTATE[42S22]: Column not found: 1054 Unknown column 'status' in 'WHERE' {"sql":"SELECT chave, valor FROM configuracoes WHERE status = 1","params":[]}
[2025-11-22 23:07:43] [ERROR] Erro ao carregar configurações: Erro ao executar query
[2025-11-22 23:08:03] [ERROR] Query error: SQLSTATE[42S22]: Column not found: 1054 Unknown column 'status' in 'WHERE' {"sql":"SELECT chave, valor FROM configuracoes WHERE status = 1","params":[]}
[2025-11-22 23:08:03] [ERROR] Erro ao carregar configurações: Erro ao executar query
[2025-11-22 23:16:48] [ERROR] Query error: SQLSTATE[42S22]: Column not found: 1054 Unknown column 'status' in 'WHERE' {"sql":"SELECT chave, valor FROM configuracoes WHERE status = 1","params":[]}
[2025-11-22 23:16:48] [ERROR] Erro ao carregar configurações: Erro ao executar query
[2025-11-22 23:16:50] [ERROR] Query error: SQLSTATE[42S22]: Column not found: 1054 Unknown column 'status' in 'WHERE' {"sql":"SELECT chave, valor FROM configuracoes WHERE status = 1","params":[]}
[2025-11-22 23:16:50] [ERROR] Erro ao carregar configurações: Erro ao executar query
